2022-06-03 02:12:46.269 INFO  [acme.Launcher@main] Starting Launcher using Java 1.8.0_312 on luismi-GL62-6QF with PID 38406 (/home/luismi/Workspace-22.0/Frameworks/Acme-Framework-22.7/target/classes started by luismi in /home/luismi/Workspace-22.0/Projects/Control-Check) 
2022-06-03 02:12:46.271 DEBUG [acme.Launcher@main] Running with Spring Boot v2.4.2, Spring v5.3.3 
2022-06-03 02:12:46.273 INFO  [acme.Launcher@main] The following profiles are active: development,default 
2022-06-03 02:12:49.614 DEBUG [org.apache.jasper.servlet.JasperInitializer@main] Initializing Jasper for context [application] 
2022-06-03 02:12:56.929 DEBUG [org.apache.jasper.servlet.JspServlet@main] Scratch dir for the JSP engine is: [/tmp/tomcat.8080.4258998658383119930/work/Tomcat/localhost/acme-toolkit-22.1] 
2022-06-03 02:12:56.930 DEBUG [org.apache.jasper.servlet.JspServlet@main] IMPORTANT: Do not modify the generated servlets 
2022-06-03 02:12:56.954 INFO  [acme.Launcher@main] Started Launcher in 11.457 seconds (JVM running for 12.075) 
2022-06-03 02:12:56.963 DEBUG [acme.Launcher@main] Found classpath entry '/home/luismi/Workspace-22.0/Projects/Control-Check/target/test-classes/' 
2022-06-03 02:12:56.964 DEBUG [acme.Launcher@main] Found classpath entry '/home/luismi/Workspace-22.0/Projects/Control-Check/target/classes/' 
2022-06-03 02:12:56.964 DEBUG [acme.Launcher@main] Found classpath entry '/home/luismi/Workspace-22.0/Frameworks/Acme-Framework-22.7/target/classes/' 
2022-06-03 02:12:56.964 DEBUG [acme.Launcher@main] Found classpath entry '/home/luismi/Workspace-22.0/Frameworks/Acme-Framework-22.7/target/test-classes/' 
2022-06-03 02:12:56.965 DEBUG [acme.Launcher@main] Found classpath entry '/home/luismi/.m2/repository/org/springframework/boot/spring-boot-starter-tomcat/2.4.2/spring-boot-starter-tomcat-2.4.2.jar' 
2022-06-03 02:12:56.968 DEBUG [acme.Launcher@main] Found classpath entry '/home/luismi/.m2/repository/jakarta/annotation/jakarta.annotation-api/1.3.5/jakarta.annotation-api-1.3.5.jar' 
2022-06-03 02:12:56.969 DEBUG [acme.Launcher@main] Found classpath entry '/home/luismi/.m2/repository/org/apache/tomcat/embed/tomcat-embed-core/9.0.41/tomcat-embed-core-9.0.41.jar' 
2022-06-03 02:12:56.969 DEBUG [acme.Launcher@main] Found classpath entry '/home/luismi/.m2/repository/org/glassfish/jakarta.el/3.0.3/jakarta.el-3.0.3.jar' 
2022-06-03 02:12:56.969 DEBUG [acme.Launcher@main] Found classpath entry '/home/luismi/.m2/repository/org/apache/tomcat/embed/tomcat-embed-websocket/9.0.41/tomcat-embed-websocket-9.0.41.jar' 
2022-06-03 02:12:56.969 DEBUG [acme.Launcher@main] Found classpath entry '/home/luismi/.m2/repository/org/apache/tomcat/embed/tomcat-embed-jasper/9.0.41/tomcat-embed-jasper-9.0.41.jar' 
2022-06-03 02:12:56.970 DEBUG [acme.Launcher@main] Found classpath entry '/home/luismi/.m2/repository/org/apache/tomcat/embed/tomcat-embed-el/9.0.41/tomcat-embed-el-9.0.41.jar' 
2022-06-03 02:12:56.970 DEBUG [acme.Launcher@main] Found classpath entry '/home/luismi/.m2/repository/org/eclipse/jdt/ecj/3.18.0/ecj-3.18.0.jar' 
2022-06-03 02:12:56.970 DEBUG [acme.Launcher@main] Found classpath entry '/home/luismi/.m2/repository/javax/servlet/jstl/1.2/jstl-1.2.jar' 
2022-06-03 02:12:56.970 DEBUG [acme.Launcher@main] Found classpath entry '/home/luismi/.m2/repository/org/springframework/boot/spring-boot-starter-security/2.4.2/spring-boot-starter-security-2.4.2.jar' 
2022-06-03 02:12:56.970 DEBUG [acme.Launcher@main] Found classpath entry '/home/luismi/.m2/repository/org/springframework/boot/spring-boot-starter/2.4.2/spring-boot-starter-2.4.2.jar' 
2022-06-03 02:12:56.971 DEBUG [acme.Launcher@main] Found classpath entry '/home/luismi/.m2/repository/org/springframework/boot/spring-boot/2.4.2/spring-boot-2.4.2.jar' 
2022-06-03 02:12:56.971 DEBUG [acme.Launcher@main] Found classpath entry '/home/luismi/.m2/repository/org/springframework/boot/spring-boot-autoconfigure/2.4.2/spring-boot-autoconfigure-2.4.2.jar' 
2022-06-03 02:12:56.971 DEBUG [acme.Launcher@main] Found classpath entry '/home/luismi/.m2/repository/org/springframework/boot/spring-boot-starter-logging/2.4.2/spring-boot-starter-logging-2.4.2.jar' 
2022-06-03 02:12:56.971 DEBUG [acme.Launcher@main] Found classpath entry '/home/luismi/.m2/repository/ch/qos/logback/logback-classic/1.2.3/logback-classic-1.2.3.jar' 
2022-06-03 02:12:56.971 DEBUG [acme.Launcher@main] Found classpath entry '/home/luismi/.m2/repository/ch/qos/logback/logback-core/1.2.3/logback-core-1.2.3.jar' 
2022-06-03 02:12:56.971 DEBUG [acme.Launcher@main] Found classpath entry '/home/luismi/.m2/repository/org/apache/logging/log4j/log4j-to-slf4j/2.13.3/log4j-to-slf4j-2.13.3.jar' 
2022-06-03 02:12:56.972 DEBUG [acme.Launcher@main] Found classpath entry '/home/luismi/.m2/repository/org/apache/logging/log4j/log4j-api/2.13.3/log4j-api-2.13.3.jar' 
2022-06-03 02:12:56.972 DEBUG [acme.Launcher@main] Found classpath entry '/home/luismi/.m2/repository/org/slf4j/jul-to-slf4j/1.7.30/jul-to-slf4j-1.7.30.jar' 
2022-06-03 02:12:56.972 DEBUG [acme.Launcher@main] Found classpath entry '/home/luismi/.m2/repository/org/yaml/snakeyaml/1.27/snakeyaml-1.27.jar' 
2022-06-03 02:12:56.972 DEBUG [acme.Launcher@main] Found classpath entry '/home/luismi/.m2/repository/org/springframework/spring-aop/5.3.3/spring-aop-5.3.3.jar' 
2022-06-03 02:12:56.972 DEBUG [acme.Launcher@main] Found classpath entry '/home/luismi/.m2/repository/org/springframework/security/spring-security-web/5.4.2/spring-security-web-5.4.2.jar' 
2022-06-03 02:12:56.973 DEBUG [acme.Launcher@main] Found classpath entry '/home/luismi/.m2/repository/org/springframework/security/spring-security-core/5.4.2/spring-security-core-5.4.2.jar' 
2022-06-03 02:12:56.973 DEBUG [acme.Launcher@main] Found classpath entry '/home/luismi/.m2/repository/org/springframework/spring-beans/5.3.3/spring-beans-5.3.3.jar' 
2022-06-03 02:12:56.973 DEBUG [acme.Launcher@main] Found classpath entry '/home/luismi/.m2/repository/org/springframework/spring-context/5.3.3/spring-context-5.3.3.jar' 
2022-06-03 02:12:56.973 DEBUG [acme.Launcher@main] Found classpath entry '/home/luismi/.m2/repository/org/springframework/spring-core/5.3.3/spring-core-5.3.3.jar' 
2022-06-03 02:12:56.974 DEBUG [acme.Launcher@main] Found classpath entry '/home/luismi/.m2/repository/org/springframework/spring-jcl/5.3.3/spring-jcl-5.3.3.jar' 
2022-06-03 02:12:56.974 DEBUG [acme.Launcher@main] Found classpath entry '/home/luismi/.m2/repository/org/springframework/spring-expression/5.3.3/spring-expression-5.3.3.jar' 
2022-06-03 02:12:56.974 DEBUG [acme.Launcher@main] Found classpath entry '/home/luismi/.m2/repository/org/springframework/spring-web/5.3.3/spring-web-5.3.3.jar' 
2022-06-03 02:12:56.974 DEBUG [acme.Launcher@main] Found classpath entry '/home/luismi/.m2/repository/org/springframework/security/spring-security-config/5.4.2/spring-security-config-5.4.2.jar' 
2022-06-03 02:12:56.974 DEBUG [acme.Launcher@main] Found classpath entry '/home/luismi/.m2/repository/org/springframework/security/spring-security-taglibs/5.4.2/spring-security-taglibs-5.4.2.jar' 
2022-06-03 02:12:56.975 DEBUG [acme.Launcher@main] Found classpath entry '/home/luismi/.m2/repository/org/springframework/security/spring-security-acl/5.4.2/spring-security-acl-5.4.2.jar' 
2022-06-03 02:12:56.975 DEBUG [acme.Launcher@main] Found classpath entry '/home/luismi/.m2/repository/org/springframework/spring-jdbc/5.3.3/spring-jdbc-5.3.3.jar' 
2022-06-03 02:12:56.976 DEBUG [acme.Launcher@main] Found classpath entry '/home/luismi/.m2/repository/org/springframework/spring-tx/5.3.3/spring-tx-5.3.3.jar' 
2022-06-03 02:12:56.976 DEBUG [acme.Launcher@main] Found classpath entry '/home/luismi/.m2/repository/org/springframework/boot/spring-boot-starter-web/2.4.2/spring-boot-starter-web-2.4.2.jar' 
2022-06-03 02:12:56.976 DEBUG [acme.Launcher@main] Found classpath entry '/home/luismi/.m2/repository/org/springframework/boot/spring-boot-starter-json/2.4.2/spring-boot-starter-json-2.4.2.jar' 
2022-06-03 02:12:56.977 DEBUG [acme.Launcher@main] Found classpath entry '/home/luismi/.m2/repository/com/fasterxml/jackson/core/jackson-databind/2.11.4/jackson-databind-2.11.4.jar' 
2022-06-03 02:12:56.977 DEBUG [acme.Launcher@main] Found classpath entry '/home/luismi/.m2/repository/com/fasterxml/jackson/core/jackson-annotations/2.11.4/jackson-annotations-2.11.4.jar' 
2022-06-03 02:12:56.977 DEBUG [acme.Launcher@main] Found classpath entry '/home/luismi/.m2/repository/com/fasterxml/jackson/core/jackson-core/2.11.4/jackson-core-2.11.4.jar' 
2022-06-03 02:12:56.977 DEBUG [acme.Launcher@main] Found classpath entry '/home/luismi/.m2/repository/com/fasterxml/jackson/datatype/jackson-datatype-jdk8/2.11.4/jackson-datatype-jdk8-2.11.4.jar' 
2022-06-03 02:12:56.977 DEBUG [acme.Launcher@main] Found classpath entry '/home/luismi/.m2/repository/com/fasterxml/jackson/datatype/jackson-datatype-jsr310/2.11.4/jackson-datatype-jsr310-2.11.4.jar' 
2022-06-03 02:12:56.978 DEBUG [acme.Launcher@main] Found classpath entry '/home/luismi/.m2/repository/com/fasterxml/jackson/module/jackson-module-parameter-names/2.11.4/jackson-module-parameter-names-2.11.4.jar' 
2022-06-03 02:12:56.978 DEBUG [acme.Launcher@main] Found classpath entry '/home/luismi/.m2/repository/org/springframework/spring-webmvc/5.3.3/spring-webmvc-5.3.3.jar' 
2022-06-03 02:12:56.978 DEBUG [acme.Launcher@main] Found classpath entry '/home/luismi/.m2/repository/org/apache/tiles/tiles-jsp/3.0.8/tiles-jsp-3.0.8.jar' 
2022-06-03 02:12:56.978 DEBUG [acme.Launcher@main] Found classpath entry '/home/luismi/.m2/repository/org/apache/tiles/tiles-servlet/3.0.8/tiles-servlet-3.0.8.jar' 
2022-06-03 02:12:56.978 DEBUG [acme.Launcher@main] Found classpath entry '/home/luismi/.m2/repository/org/apache/tiles/tiles-core/3.0.8/tiles-core-3.0.8.jar' 
2022-06-03 02:12:56.978 DEBUG [acme.Launcher@main] Found classpath entry '/home/luismi/.m2/repository/commons-digester/commons-digester/2.0/commons-digester-2.0.jar' 
2022-06-03 02:12:56.979 DEBUG [acme.Launcher@main] Found classpath entry '/home/luismi/.m2/repository/org/slf4j/jcl-over-slf4j/1.7.30/jcl-over-slf4j-1.7.30.jar' 
2022-06-03 02:12:56.979 DEBUG [acme.Launcher@main] Found classpath entry '/home/luismi/.m2/repository/org/apache/tiles/tiles-request-servlet/1.0.7/tiles-request-servlet-1.0.7.jar' 
2022-06-03 02:12:56.979 DEBUG [acme.Launcher@main] Found classpath entry '/home/luismi/.m2/repository/org/apache/tiles/tiles-template/3.0.8/tiles-template-3.0.8.jar' 
2022-06-03 02:12:56.979 DEBUG [acme.Launcher@main] Found classpath entry '/home/luismi/.m2/repository/org/apache/tiles/tiles-api/3.0.8/tiles-api-3.0.8.jar' 
2022-06-03 02:12:56.979 DEBUG [acme.Launcher@main] Found classpath entry '/home/luismi/.m2/repository/org/apache/tiles/tiles-autotag-core-runtime/1.2/tiles-autotag-core-runtime-1.2.jar' 
2022-06-03 02:12:56.980 DEBUG [acme.Launcher@main] Found classpath entry '/home/luismi/.m2/repository/org/slf4j/slf4j-api/1.7.30/slf4j-api-1.7.30.jar' 
2022-06-03 02:12:56.980 DEBUG [acme.Launcher@main] Found classpath entry '/home/luismi/.m2/repository/org/apache/tiles/tiles-request-jsp/1.0.7/tiles-request-jsp-1.0.7.jar' 
2022-06-03 02:12:56.980 DEBUG [acme.Launcher@main] Found classpath entry '/home/luismi/.m2/repository/org/apache/tiles/tiles-request-api/1.0.7/tiles-request-api-1.0.7.jar' 
2022-06-03 02:12:56.980 DEBUG [acme.Launcher@main] Found classpath entry '/home/luismi/.m2/repository/org/springframework/boot/spring-boot-starter-data-jpa/2.4.2/spring-boot-starter-data-jpa-2.4.2.jar' 
2022-06-03 02:12:56.980 DEBUG [acme.Launcher@main] Found classpath entry '/home/luismi/.m2/repository/org/springframework/boot/spring-boot-starter-aop/2.4.2/spring-boot-starter-aop-2.4.2.jar' 
2022-06-03 02:12:56.981 DEBUG [acme.Launcher@main] Found classpath entry '/home/luismi/.m2/repository/org/aspectj/aspectjweaver/1.9.6/aspectjweaver-1.9.6.jar' 
2022-06-03 02:12:56.981 DEBUG [acme.Launcher@main] Found classpath entry '/home/luismi/.m2/repository/org/springframework/boot/spring-boot-starter-jdbc/2.4.2/spring-boot-starter-jdbc-2.4.2.jar' 
2022-06-03 02:12:56.981 DEBUG [acme.Launcher@main] Found classpath entry '/home/luismi/.m2/repository/jakarta/transaction/jakarta.transaction-api/1.3.3/jakarta.transaction-api-1.3.3.jar' 
2022-06-03 02:12:56.981 DEBUG [acme.Launcher@main] Found classpath entry '/home/luismi/.m2/repository/jakarta/persistence/jakarta.persistence-api/2.2.3/jakarta.persistence-api-2.2.3.jar' 
2022-06-03 02:12:56.982 DEBUG [acme.Launcher@main] Found classpath entry '/home/luismi/.m2/repository/org/hibernate/hibernate-core/5.4.27.Final/hibernate-core-5.4.27.Final.jar' 
2022-06-03 02:12:56.982 DEBUG [acme.Launcher@main] Found classpath entry '/home/luismi/.m2/repository/org/jboss/logging/jboss-logging/3.4.1.Final/jboss-logging-3.4.1.Final.jar' 
2022-06-03 02:12:56.982 DEBUG [acme.Launcher@main] Found classpath entry '/home/luismi/.m2/repository/org/javassist/javassist/3.27.0-GA/javassist-3.27.0-GA.jar' 
2022-06-03 02:12:56.982 DEBUG [acme.Launcher@main] Found classpath entry '/home/luismi/.m2/repository/antlr/antlr/2.7.7/antlr-2.7.7.jar' 
2022-06-03 02:12:56.982 DEBUG [acme.Launcher@main] Found classpath entry '/home/luismi/.m2/repository/org/jboss/jandex/2.1.3.Final/jandex-2.1.3.Final.jar' 
2022-06-03 02:12:56.983 DEBUG [acme.Launcher@main] Found classpath entry '/home/luismi/.m2/repository/com/fasterxml/classmate/1.5.1/classmate-1.5.1.jar' 
2022-06-03 02:12:56.983 DEBUG [acme.Launcher@main] Found classpath entry '/home/luismi/.m2/repository/org/dom4j/dom4j/2.1.3/dom4j-2.1.3.jar' 
2022-06-03 02:12:56.983 DEBUG [acme.Launcher@main] Found classpath entry '/home/luismi/.m2/repository/org/hibernate/common/hibernate-commons-annotations/5.1.2.Final/hibernate-commons-annotations-5.1.2.Final.jar' 
2022-06-03 02:12:56.983 DEBUG [acme.Launcher@main] Found classpath entry '/home/luismi/.m2/repository/org/glassfish/jaxb/jaxb-runtime/2.3.3/jaxb-runtime-2.3.3.jar' 
2022-06-03 02:12:56.983 DEBUG [acme.Launcher@main] Found classpath entry '/home/luismi/.m2/repository/org/glassfish/jaxb/txw2/2.3.3/txw2-2.3.3.jar' 
2022-06-03 02:12:56.983 DEBUG [acme.Launcher@main] Found classpath entry '/home/luismi/.m2/repository/com/sun/istack/istack-commons-runtime/3.0.11/istack-commons-runtime-3.0.11.jar' 
2022-06-03 02:12:56.984 DEBUG [acme.Launcher@main] Found classpath entry '/home/luismi/.m2/repository/com/sun/activation/jakarta.activation/1.2.2/jakarta.activation-1.2.2.jar' 
2022-06-03 02:12:56.984 DEBUG [acme.Launcher@main] Found classpath entry '/home/luismi/.m2/repository/org/springframework/data/spring-data-jpa/2.4.3/spring-data-jpa-2.4.3.jar' 
2022-06-03 02:12:56.984 DEBUG [acme.Launcher@main] Found classpath entry '/home/luismi/.m2/repository/org/springframework/data/spring-data-commons/2.4.3/spring-data-commons-2.4.3.jar' 
2022-06-03 02:12:56.984 DEBUG [acme.Launcher@main] Found classpath entry '/home/luismi/.m2/repository/org/springframework/spring-orm/5.3.3/spring-orm-5.3.3.jar' 
2022-06-03 02:12:56.984 DEBUG [acme.Launcher@main] Found classpath entry '/home/luismi/.m2/repository/org/springframework/spring-aspects/5.3.3/spring-aspects-5.3.3.jar' 
2022-06-03 02:12:56.984 DEBUG [acme.Launcher@main] Found classpath entry '/home/luismi/.m2/repository/org/springframework/boot/spring-boot-starter-validation/2.4.2/spring-boot-starter-validation-2.4.2.jar' 
2022-06-03 02:12:56.985 DEBUG [acme.Launcher@main] Found classpath entry '/home/luismi/.m2/repository/org/hibernate/validator/hibernate-validator/6.1.7.Final/hibernate-validator-6.1.7.Final.jar' 
2022-06-03 02:12:56.985 DEBUG [acme.Launcher@main] Found classpath entry '/home/luismi/.m2/repository/jakarta/validation/jakarta.validation-api/2.0.2/jakarta.validation-api-2.0.2.jar' 
2022-06-03 02:12:56.985 DEBUG [acme.Launcher@main] Found classpath entry '/home/luismi/.m2/repository/mysql/mysql-connector-java/8.0.22/mysql-connector-java-8.0.22.jar' 
2022-06-03 02:12:56.985 DEBUG [acme.Launcher@main] Found classpath entry '/home/luismi/.m2/repository/com/zaxxer/HikariCP/3.4.5/HikariCP-3.4.5.jar' 
2022-06-03 02:12:56.985 DEBUG [acme.Launcher@main] Found classpath entry '/home/luismi/.m2/repository/org/springframework/boot/spring-boot-starter-test/2.4.2/spring-boot-starter-test-2.4.2.jar' 
2022-06-03 02:12:56.985 DEBUG [acme.Launcher@main] Found classpath entry '/home/luismi/.m2/repository/org/springframework/boot/spring-boot-test/2.4.2/spring-boot-test-2.4.2.jar' 
2022-06-03 02:12:56.986 DEBUG [acme.Launcher@main] Found classpath entry '/home/luismi/.m2/repository/org/springframework/boot/spring-boot-test-autoconfigure/2.4.2/spring-boot-test-autoconfigure-2.4.2.jar' 
2022-06-03 02:12:56.986 DEBUG [acme.Launcher@main] Found classpath entry '/home/luismi/.m2/repository/com/jayway/jsonpath/json-path/2.4.0/json-path-2.4.0.jar' 
2022-06-03 02:12:56.986 DEBUG [acme.Launcher@main] Found classpath entry '/home/luismi/.m2/repository/net/minidev/json-smart/2.3/json-smart-2.3.jar' 
2022-06-03 02:12:56.986 DEBUG [acme.Launcher@main] Found classpath entry '/home/luismi/.m2/repository/net/minidev/accessors-smart/1.2/accessors-smart-1.2.jar' 
2022-06-03 02:12:56.986 DEBUG [acme.Launcher@main] Found classpath entry '/home/luismi/.m2/repository/org/ow2/asm/asm/5.0.4/asm-5.0.4.jar' 
2022-06-03 02:12:56.986 DEBUG [acme.Launcher@main] Found classpath entry '/home/luismi/.m2/repository/jakarta/xml/bind/jakarta.xml.bind-api/2.3.3/jakarta.xml.bind-api-2.3.3.jar' 
2022-06-03 02:12:56.987 DEBUG [acme.Launcher@main] Found classpath entry '/home/luismi/.m2/repository/jakarta/activation/jakarta.activation-api/1.2.2/jakarta.activation-api-1.2.2.jar' 
2022-06-03 02:12:56.987 DEBUG [acme.Launcher@main] Found classpath entry '/home/luismi/.m2/repository/org/assertj/assertj-core/3.18.1/assertj-core-3.18.1.jar' 
2022-06-03 02:12:56.987 DEBUG [acme.Launcher@main] Found classpath entry '/home/luismi/.m2/repository/org/hamcrest/hamcrest/2.2/hamcrest-2.2.jar' 
2022-06-03 02:12:56.987 DEBUG [acme.Launcher@main] Found classpath entry '/home/luismi/.m2/repository/org/junit/jupiter/junit-jupiter/5.7.0/junit-jupiter-5.7.0.jar' 
2022-06-03 02:12:56.987 DEBUG [acme.Launcher@main] Found classpath entry '/home/luismi/.m2/repository/org/mockito/mockito-core/3.6.28/mockito-core-3.6.28.jar' 
2022-06-03 02:12:56.987 DEBUG [acme.Launcher@main] Found classpath entry '/home/luismi/.m2/repository/net/bytebuddy/byte-buddy-agent/1.10.19/byte-buddy-agent-1.10.19.jar' 
2022-06-03 02:12:56.987 DEBUG [acme.Launcher@main] Found classpath entry '/home/luismi/.m2/repository/org/objenesis/objenesis/3.1/objenesis-3.1.jar' 
2022-06-03 02:12:56.988 DEBUG [acme.Launcher@main] Found classpath entry '/home/luismi/.m2/repository/org/mockito/mockito-junit-jupiter/3.6.28/mockito-junit-jupiter-3.6.28.jar' 
2022-06-03 02:12:56.988 DEBUG [acme.Launcher@main] Found classpath entry '/home/luismi/.m2/repository/org/skyscreamer/jsonassert/1.5.0/jsonassert-1.5.0.jar' 
2022-06-03 02:12:56.988 DEBUG [acme.Launcher@main] Found classpath entry '/home/luismi/.m2/repository/com/vaadin/external/google/android-json/0.0.20131108.vaadin1/android-json-0.0.20131108.vaadin1.jar' 
2022-06-03 02:12:56.988 DEBUG [acme.Launcher@main] Found classpath entry '/home/luismi/.m2/repository/org/springframework/spring-test/5.3.3/spring-test-5.3.3.jar' 
2022-06-03 02:12:56.988 DEBUG [acme.Launcher@main] Found classpath entry '/home/luismi/.m2/repository/org/xmlunit/xmlunit-core/2.7.0/xmlunit-core-2.7.0.jar' 
2022-06-03 02:12:56.988 DEBUG [acme.Launcher@main] Found classpath entry '/home/luismi/.m2/repository/org/junit/jupiter/junit-jupiter-engine/5.7.0/junit-jupiter-engine-5.7.0.jar' 
2022-06-03 02:12:56.988 DEBUG [acme.Launcher@main] Found classpath entry '/home/luismi/.m2/repository/org/apiguardian/apiguardian-api/1.1.0/apiguardian-api-1.1.0.jar' 
2022-06-03 02:12:56.989 DEBUG [acme.Launcher@main] Found classpath entry '/home/luismi/.m2/repository/org/junit/platform/junit-platform-engine/1.7.0/junit-platform-engine-1.7.0.jar' 
2022-06-03 02:12:56.989 DEBUG [acme.Launcher@main] Found classpath entry '/home/luismi/.m2/repository/org/junit/jupiter/junit-jupiter-api/5.7.0/junit-jupiter-api-5.7.0.jar' 
2022-06-03 02:12:56.989 DEBUG [acme.Launcher@main] Found classpath entry '/home/luismi/.m2/repository/org/opentest4j/opentest4j/1.2.0/opentest4j-1.2.0.jar' 
2022-06-03 02:12:56.989 DEBUG [acme.Launcher@main] Found classpath entry '/home/luismi/.m2/repository/org/junit/platform/junit-platform-commons/1.7.0/junit-platform-commons-1.7.0.jar' 
2022-06-03 02:12:56.989 DEBUG [acme.Launcher@main] Found classpath entry '/home/luismi/.m2/repository/org/junit/jupiter/junit-jupiter-params/5.7.0/junit-jupiter-params-5.7.0.jar' 
2022-06-03 02:12:56.989 DEBUG [acme.Launcher@main] Found classpath entry '/home/luismi/.m2/repository/org/junit/platform/junit-platform-launcher/1.7.0/junit-platform-launcher-1.7.0.jar' 
2022-06-03 02:12:56.990 DEBUG [acme.Launcher@main] Found classpath entry '/home/luismi/.m2/repository/org/seleniumhq/selenium/selenium-java/3.141.59/selenium-java-3.141.59.jar' 
2022-06-03 02:12:56.990 DEBUG [acme.Launcher@main] Found classpath entry '/home/luismi/.m2/repository/org/seleniumhq/selenium/selenium-api/3.141.59/selenium-api-3.141.59.jar' 
2022-06-03 02:12:56.990 DEBUG [acme.Launcher@main] Found classpath entry '/home/luismi/.m2/repository/org/seleniumhq/selenium/selenium-chrome-driver/3.141.59/selenium-chrome-driver-3.141.59.jar' 
2022-06-03 02:12:56.990 DEBUG [acme.Launcher@main] Found classpath entry '/home/luismi/.m2/repository/org/seleniumhq/selenium/selenium-edge-driver/3.141.59/selenium-edge-driver-3.141.59.jar' 
2022-06-03 02:12:56.990 DEBUG [acme.Launcher@main] Found classpath entry '/home/luismi/.m2/repository/org/seleniumhq/selenium/selenium-firefox-driver/3.141.59/selenium-firefox-driver-3.141.59.jar' 
2022-06-03 02:12:56.990 DEBUG [acme.Launcher@main] Found classpath entry '/home/luismi/.m2/repository/org/seleniumhq/selenium/selenium-ie-driver/3.141.59/selenium-ie-driver-3.141.59.jar' 
2022-06-03 02:12:56.991 DEBUG [acme.Launcher@main] Found classpath entry '/home/luismi/.m2/repository/org/seleniumhq/selenium/selenium-opera-driver/3.141.59/selenium-opera-driver-3.141.59.jar' 
2022-06-03 02:12:56.991 DEBUG [acme.Launcher@main] Found classpath entry '/home/luismi/.m2/repository/org/seleniumhq/selenium/selenium-remote-driver/3.141.59/selenium-remote-driver-3.141.59.jar' 
2022-06-03 02:12:56.991 DEBUG [acme.Launcher@main] Found classpath entry '/home/luismi/.m2/repository/org/seleniumhq/selenium/selenium-safari-driver/3.141.59/selenium-safari-driver-3.141.59.jar' 
2022-06-03 02:12:56.991 DEBUG [acme.Launcher@main] Found classpath entry '/home/luismi/.m2/repository/org/seleniumhq/selenium/selenium-support/3.141.59/selenium-support-3.141.59.jar' 
2022-06-03 02:12:56.991 DEBUG [acme.Launcher@main] Found classpath entry '/home/luismi/.m2/repository/net/bytebuddy/byte-buddy/1.10.19/byte-buddy-1.10.19.jar' 
2022-06-03 02:12:56.991 DEBUG [acme.Launcher@main] Found classpath entry '/home/luismi/.m2/repository/org/apache/commons/commons-exec/1.3/commons-exec-1.3.jar' 
2022-06-03 02:12:56.991 DEBUG [acme.Launcher@main] Found classpath entry '/home/luismi/.m2/repository/com/google/guava/guava/25.0-jre/guava-25.0-jre.jar' 
2022-06-03 02:12:56.992 DEBUG [acme.Launcher@main] Found classpath entry '/home/luismi/.m2/repository/com/google/code/findbugs/jsr305/1.3.9/jsr305-1.3.9.jar' 
2022-06-03 02:12:56.992 DEBUG [acme.Launcher@main] Found classpath entry '/home/luismi/.m2/repository/org/checkerframework/checker-compat-qual/2.0.0/checker-compat-qual-2.0.0.jar' 
2022-06-03 02:12:56.992 DEBUG [acme.Launcher@main] Found classpath entry '/home/luismi/.m2/repository/com/google/errorprone/error_prone_annotations/2.1.3/error_prone_annotations-2.1.3.jar' 
2022-06-03 02:12:56.992 DEBUG [acme.Launcher@main] Found classpath entry '/home/luismi/.m2/repository/com/google/j2objc/j2objc-annotations/1.1/j2objc-annotations-1.1.jar' 
2022-06-03 02:12:56.992 DEBUG [acme.Launcher@main] Found classpath entry '/home/luismi/.m2/repository/org/codehaus/mojo/animal-sniffer-annotations/1.14/animal-sniffer-annotations-1.14.jar' 
2022-06-03 02:12:56.992 DEBUG [acme.Launcher@main] Found classpath entry '/home/luismi/.m2/repository/com/squareup/okhttp3/okhttp/3.14.9/okhttp-3.14.9.jar' 
2022-06-03 02:12:56.993 DEBUG [acme.Launcher@main] Found classpath entry '/home/luismi/.m2/repository/com/squareup/okio/okio/1.14.0/okio-1.14.0.jar' 
2022-06-03 02:12:56.993 DEBUG [acme.Launcher@main] Found classpath entry '/home/luismi/.m2/repository/org/apache/commons/commons-lang3/3.11/commons-lang3-3.11.jar' 
2022-06-03 02:12:56.993 DEBUG [acme.Launcher@main] Found classpath entry '/home/luismi/.m2/repository/org/apache/commons/commons-text/1.8/commons-text-1.8.jar' 
2022-06-03 02:12:56.993 DEBUG [acme.Launcher@main] Found classpath entry '/home/luismi/.m2/repository/commons-io/commons-io/2.6/commons-io-2.6.jar' 
2022-06-03 02:12:56.993 DEBUG [acme.Launcher@main] Found classpath entry '/home/luismi/.m2/repository/commons-cli/commons-cli/1.4/commons-cli-1.4.jar' 
2022-06-03 02:12:56.993 DEBUG [acme.Launcher@main] Found classpath entry '/home/luismi/.m2/repository/org/projectlombok/lombok/1.18.16/lombok-1.18.16.jar' 
2022-06-03 02:12:56.993 DEBUG [acme.Launcher@main] Found classpath entry '/home/luismi/.m2/repository/com/opencsv/opencsv/5.4/opencsv-5.4.jar' 
2022-06-03 02:12:56.994 DEBUG [acme.Launcher@main] Found classpath entry '/home/luismi/.m2/repository/commons-beanutils/commons-beanutils/1.9.4/commons-beanutils-1.9.4.jar' 
2022-06-03 02:12:56.994 DEBUG [acme.Launcher@main] Found classpath entry '/home/luismi/.m2/repository/commons-logging/commons-logging/1.2/commons-logging-1.2.jar' 
2022-06-03 02:12:56.994 DEBUG [acme.Launcher@main] Found classpath entry '/home/luismi/.m2/repository/commons-collections/commons-collections/3.2.2/commons-collections-3.2.2.jar' 
2022-06-03 02:12:56.994 DEBUG [acme.Launcher@main] Found classpath entry '/home/luismi/.m2/repository/org/apache/commons/commons-collections4/4.4/commons-collections4-4.4.jar' 
2022-06-03 02:12:56.994 DEBUG [acme.Launcher@main] Found classpath entry '/home/luismi/Workspace-22.0/Projects/Control-Check/spamlib.jar' 
2022-06-03 02:12:57.056 DEBUG [acme.Launcher@main] Found entity class 'acme.entities.announcement.Announcement 
2022-06-03 02:12:57.056 DEBUG [acme.Launcher@main] Found entity class 'acme.entities.chimpum.Chimpum 
2022-06-03 02:12:57.056 DEBUG [acme.Launcher@main] Found entity class 'acme.entities.chirp.Chirp 
2022-06-03 02:12:57.056 DEBUG [acme.Launcher@main] Found entity class 'acme.entities.configuration.Configuration 
2022-06-03 02:12:57.057 DEBUG [acme.Launcher@main] Found entity class 'acme.entities.item.Item 
2022-06-03 02:12:57.058 DEBUG [acme.Launcher@main] Found entity class 'acme.entities.patronage.Patronage 
2022-06-03 02:12:57.058 DEBUG [acme.Launcher@main] Found entity class 'acme.entities.patronagereport.PatronageReport 
2022-06-03 02:12:57.058 DEBUG [acme.Launcher@main] Found entity class 'acme.entities.quantity.Quantity 
2022-06-03 02:12:57.059 DEBUG [acme.Launcher@main] Found entity class 'acme.entities.toolkit.Toolkit 
2022-06-03 02:12:57.059 DEBUG [acme.Launcher@main] Found entity class 'acme.roles.Consumer 
2022-06-03 02:12:57.059 DEBUG [acme.Launcher@main] Found entity class 'acme.roles.Inventor 
2022-06-03 02:12:57.059 DEBUG [acme.Launcher@main] Found entity class 'acme.roles.Patron 
2022-06-03 02:12:57.059 DEBUG [acme.Launcher@main] Found entity class 'acme.roles.Provider 
2022-06-03 02:12:57.059 DEBUG [acme.Launcher@main] Found entity class 'acme.framework.entities.UserAccount 
2022-06-03 02:12:57.059 DEBUG [acme.Launcher@main] Found entity class 'acme.framework.roles.Administrator 
2022-06-03 02:12:57.059 DEBUG [acme.Launcher@main] Found entity class 'acme.framework.roles.Anonymous 
2022-06-03 02:12:57.060 DEBUG [acme.Launcher@main] Found entity class 'acme.framework.roles.Any 
2022-06-03 02:12:57.060 DEBUG [acme.Launcher@main] Found entity class 'acme.framework.roles.Authenticated 
2022-06-03 02:12:57.065 INFO  [acme.Launcher@main] Running application (Standalone) 
2022-06-03 02:13:07.708 DEBUG [acme.framework.components.tiles.DynamicTilesView@http-nio-8080-exec-2] View name 'fragments/welcome', model {} 
2022-06-03 02:13:07.751 DEBUG [org.apache.tiles.definition.dao.BaseLocaleUrlDefinitionDAO@http-nio-8080-exec-2] File Resource file:/home/luismi/Workspace-22.0/Projects/Control-Check/target/classes/WEB-INF/views/master/tiles_en.xml at file:/home/luismi/Workspace-22.0/Projects/Control-Check/target/classes/WEB-INF/views/master/tiles_en.xml not found, continue 
2022-06-03 02:13:07.769 DEBUG [org.apache.jasper.servlet.JspServlet@http-nio-8080-exec-2] JspEngine --> /WEB-INF/views/master/page.jsp 
2022-06-03 02:13:07.769 DEBUG [org.apache.jasper.servlet.JspServlet@http-nio-8080-exec-2] ServletPath: /WEB-INF/views/master/page.jsp 
2022-06-03 02:13:07.770 DEBUG [org.apache.jasper.servlet.JspServlet@http-nio-8080-exec-2] PathInfo: null 
2022-06-03 02:13:07.771 DEBUG [org.apache.jasper.servlet.JspServlet@http-nio-8080-exec-2] RealPath: /home/luismi/Workspace-22.0/Projects/Control-Check/target/classes/WEB-INF/views/master/page.jsp 
2022-06-03 02:13:07.771 DEBUG [org.apache.jasper.servlet.JspServlet@http-nio-8080-exec-2] RequestURI: /acme-toolkit-22.1/WEB-INF/views/master/page.jsp 
2022-06-03 02:13:07.772 DEBUG [org.apache.jasper.servlet.JspServlet@http-nio-8080-exec-2] QueryString: null 
2022-06-03 02:13:14.564 DEBUG [acme.framework.configuration.ExtendedMessageSource@http-nio-8080-exec-2] Loading properties [/home/luismi/Workspace-22.0/Projects/Control-Check/target/classes/WEB-INF/views/administrator/announcement/messages-en.i18n] with encoding 'utf-8' 
2022-06-03 02:13:14.567 DEBUG [acme.framework.configuration.ExtendedMessageSource@http-nio-8080-exec-2] Loading properties [/home/luismi/Workspace-22.0/Projects/Control-Check/target/classes/WEB-INF/views/administrator/configuration/messages-en.i18n] with encoding 'utf-8' 
2022-06-03 02:13:14.569 DEBUG [acme.framework.configuration.ExtendedMessageSource@http-nio-8080-exec-2] Loading properties [/home/luismi/Workspace-22.0/Projects/Control-Check/target/classes/WEB-INF/views/administrator/dashboard/messages-en.i18n] with encoding 'utf-8' 
2022-06-03 02:13:14.572 DEBUG [acme.framework.configuration.ExtendedMessageSource@http-nio-8080-exec-2] Loading properties [/home/luismi/Workspace-22.0/Projects/Control-Check/target/classes/WEB-INF/views/administrator/user-account/messages-en.i18n] with encoding 'utf-8' 
2022-06-03 02:13:14.574 DEBUG [acme.framework.configuration.ExtendedMessageSource@http-nio-8080-exec-2] Loading properties [/home/luismi/Workspace-22.0/Projects/Control-Check/target/classes/WEB-INF/views/anonymous/user-account/messages-en.i18n] with encoding 'utf-8' 
2022-06-03 02:13:14.575 DEBUG [acme.framework.configuration.ExtendedMessageSource@http-nio-8080-exec-2] Loading properties [/home/luismi/Workspace-22.0/Projects/Control-Check/target/classes/WEB-INF/views/any/chirp/messages-en.i18n] with encoding 'utf-8' 
2022-06-03 02:13:14.575 DEBUG [acme.framework.configuration.ExtendedMessageSource@http-nio-8080-exec-2] Loading properties [/home/luismi/Workspace-22.0/Projects/Control-Check/target/classes/WEB-INF/views/any/item/messages-en.i18n] with encoding 'utf-8' 
2022-06-03 02:13:14.576 DEBUG [acme.framework.configuration.ExtendedMessageSource@http-nio-8080-exec-2] Loading properties [/home/luismi/Workspace-22.0/Projects/Control-Check/target/classes/WEB-INF/views/any/toolkit/messages-en.i18n] with encoding 'utf-8' 
2022-06-03 02:13:14.576 DEBUG [acme.framework.configuration.ExtendedMessageSource@http-nio-8080-exec-2] Loading properties [/home/luismi/Workspace-22.0/Projects/Control-Check/target/classes/WEB-INF/views/any/user-account/messages-en.i18n] with encoding 'utf-8' 
2022-06-03 02:13:14.577 DEBUG [acme.framework.configuration.ExtendedMessageSource@http-nio-8080-exec-2] Loading properties [/home/luismi/Workspace-22.0/Projects/Control-Check/target/classes/WEB-INF/views/authenticated/announcement/messages-en.i18n] with encoding 'utf-8' 
2022-06-03 02:13:14.577 DEBUG [acme.framework.configuration.ExtendedMessageSource@http-nio-8080-exec-2] Loading properties [/home/luismi/Workspace-22.0/Projects/Control-Check/target/classes/WEB-INF/views/authenticated/configuration/messages-en.i18n] with encoding 'utf-8' 
2022-06-03 02:13:14.578 DEBUG [acme.framework.configuration.ExtendedMessageSource@http-nio-8080-exec-2] Loading properties [/home/luismi/Workspace-22.0/Projects/Control-Check/target/classes/WEB-INF/views/authenticated/consumer/messsages-en.i18n] with encoding 'utf-8' 
2022-06-03 02:13:14.579 DEBUG [acme.framework.configuration.ExtendedMessageSource@http-nio-8080-exec-2] Loading properties [/home/luismi/Workspace-22.0/Projects/Control-Check/target/classes/WEB-INF/views/authenticated/inventor/messages-en.i18n] with encoding 'utf-8' 
2022-06-03 02:13:14.580 DEBUG [acme.framework.configuration.ExtendedMessageSource@http-nio-8080-exec-2] Loading properties [/home/luismi/Workspace-22.0/Projects/Control-Check/target/classes/WEB-INF/views/authenticated/patron/messages-en.i18n] with encoding 'utf-8' 
2022-06-03 02:13:14.581 DEBUG [acme.framework.configuration.ExtendedMessageSource@http-nio-8080-exec-2] Loading properties [/home/luismi/Workspace-22.0/Projects/Control-Check/target/classes/WEB-INF/views/authenticated/provider/messsages-en.i18n] with encoding 'utf-8' 
2022-06-03 02:13:14.582 DEBUG [acme.framework.configuration.ExtendedMessageSource@http-nio-8080-exec-2] Loading properties [/home/luismi/Workspace-22.0/Projects/Control-Check/target/classes/WEB-INF/views/authenticated/user-account/messages-en.i18n] with encoding 'utf-8' 
2022-06-03 02:13:14.583 DEBUG [acme.framework.configuration.ExtendedMessageSource@http-nio-8080-exec-2] Loading properties [/home/luismi/Workspace-22.0/Projects/Control-Check/target/classes/WEB-INF/views/fragments/banner-en.i18n] with encoding 'utf-8' 
2022-06-03 02:13:14.584 DEBUG [acme.framework.configuration.ExtendedMessageSource@http-nio-8080-exec-2] Loading properties [/home/luismi/Workspace-22.0/Projects/Control-Check/target/classes/WEB-INF/views/fragments/company-en.i18n] with encoding 'utf-8' 
2022-06-03 02:13:14.584 DEBUG [acme.framework.configuration.ExtendedMessageSource@http-nio-8080-exec-2] Loading properties [/home/luismi/Workspace-22.0/Projects/Control-Check/target/classes/WEB-INF/views/fragments/footer-en.i18n] with encoding 'utf-8' 
2022-06-03 02:13:14.585 DEBUG [acme.framework.configuration.ExtendedMessageSource@http-nio-8080-exec-2] Loading properties [/home/luismi/Workspace-22.0/Projects/Control-Check/target/classes/WEB-INF/views/fragments/license-en.i18n] with encoding 'utf-8' 
2022-06-03 02:13:14.586 DEBUG [acme.framework.configuration.ExtendedMessageSource@http-nio-8080-exec-2] Loading properties [/home/luismi/Workspace-22.0/Projects/Control-Check/target/classes/WEB-INF/views/fragments/menu-en.i18n] with encoding 'utf-8' 
2022-06-03 02:13:14.587 DEBUG [acme.framework.configuration.ExtendedMessageSource@http-nio-8080-exec-2] Loading properties [/home/luismi/Workspace-22.0/Projects/Control-Check/target/classes/WEB-INF/views/fragments/messages-en.i18n] with encoding 'utf-8' 
2022-06-03 02:13:14.587 DEBUG [acme.framework.configuration.ExtendedMessageSource@http-nio-8080-exec-2] Loading properties [/home/luismi/Workspace-22.0/Projects/Control-Check/target/classes/WEB-INF/views/fragments/messsages-en.i18n] with encoding 'utf-8' 
2022-06-03 02:13:14.588 DEBUG [acme.framework.configuration.ExtendedMessageSource@http-nio-8080-exec-2] Loading properties [/home/luismi/Workspace-22.0/Projects/Control-Check/target/classes/WEB-INF/views/fragments/title-en.i18n] with encoding 'utf-8' 
2022-06-03 02:13:14.589 DEBUG [acme.framework.configuration.ExtendedMessageSource@http-nio-8080-exec-2] Loading properties [/home/luismi/Workspace-22.0/Projects/Control-Check/target/classes/WEB-INF/views/fragments/welcome-en.i18n] with encoding 'utf-8' 
2022-06-03 02:13:14.589 DEBUG [acme.framework.configuration.ExtendedMessageSource@http-nio-8080-exec-2] Loading properties [/home/luismi/Workspace-22.0/Projects/Control-Check/target/classes/WEB-INF/views/inventor/chimpum/messages-en.i18n] with encoding 'utf-8' 
2022-06-03 02:13:14.590 DEBUG [acme.framework.configuration.ExtendedMessageSource@http-nio-8080-exec-2] Loading properties [/home/luismi/Workspace-22.0/Projects/Control-Check/target/classes/WEB-INF/views/inventor/item/messages-en.i18n] with encoding 'utf-8' 
2022-06-03 02:13:14.591 DEBUG [acme.framework.configuration.ExtendedMessageSource@http-nio-8080-exec-2] Loading properties [/home/luismi/Workspace-22.0/Projects/Control-Check/target/classes/WEB-INF/views/inventor/patronage/messages-en.i18n] with encoding 'utf-8' 
2022-06-03 02:13:14.591 DEBUG [acme.framework.configuration.ExtendedMessageSource@http-nio-8080-exec-2] Loading properties [/home/luismi/Workspace-22.0/Projects/Control-Check/target/classes/WEB-INF/views/inventor/patronage-report/messages-en.i18n] with encoding 'utf-8' 
2022-06-03 02:13:14.592 DEBUG [acme.framework.configuration.ExtendedMessageSource@http-nio-8080-exec-2] Loading properties [/home/luismi/Workspace-22.0/Projects/Control-Check/target/classes/WEB-INF/views/inventor/quantity/messages-en.i18n] with encoding 'utf-8' 
2022-06-03 02:13:14.593 DEBUG [acme.framework.configuration.ExtendedMessageSource@http-nio-8080-exec-2] Loading properties [/home/luismi/Workspace-22.0/Projects/Control-Check/target/classes/WEB-INF/views/inventor/toolkit/messages-en.i18n] with encoding 'utf-8' 
2022-06-03 02:13:14.593 DEBUG [acme.framework.configuration.ExtendedMessageSource@http-nio-8080-exec-2] Loading properties [/home/luismi/Workspace-22.0/Projects/Control-Check/target/classes/WEB-INF/views/master/defaults-en.i18n] with encoding 'utf-8' 
2022-06-03 02:13:14.594 DEBUG [acme.framework.configuration.ExtendedMessageSource@http-nio-8080-exec-2] Loading properties [/home/luismi/Workspace-22.0/Projects/Control-Check/target/classes/WEB-INF/views/master/master-en.i18n] with encoding 'utf-8' 
2022-06-03 02:13:14.595 DEBUG [acme.framework.configuration.ExtendedMessageSource@http-nio-8080-exec-2] Loading properties [/home/luismi/Workspace-22.0/Projects/Control-Check/target/classes/WEB-INF/views/master/throwables-en.i18n] with encoding 'utf-8' 
2022-06-03 02:13:14.595 DEBUG [acme.framework.configuration.ExtendedMessageSource@http-nio-8080-exec-2] Loading properties [/home/luismi/Workspace-22.0/Projects/Control-Check/target/classes/WEB-INF/views/master/validation-en.i18n] with encoding 'utf-8' 
2022-06-03 02:13:14.596 DEBUG [acme.framework.configuration.ExtendedMessageSource@http-nio-8080-exec-2] Loading properties [/home/luismi/Workspace-22.0/Projects/Control-Check/target/classes/WEB-INF/views/patron/patron-dashboard/messages-en.i18n] with encoding 'utf-8' 
2022-06-03 02:13:14.596 DEBUG [acme.framework.configuration.ExtendedMessageSource@http-nio-8080-exec-2] Loading properties [/home/luismi/Workspace-22.0/Projects/Control-Check/target/classes/WEB-INF/views/patron/patronage/messages-en.i18n] with encoding 'utf-8' 
2022-06-03 02:13:14.597 DEBUG [acme.framework.configuration.ExtendedMessageSource@http-nio-8080-exec-2] Loading properties [/home/luismi/Workspace-22.0/Projects/Control-Check/target/classes/WEB-INF/views/patron/patronage-report/messages-en.i18n] with encoding 'utf-8' 
2022-06-03 02:13:14.999 DEBUG [org.apache.jasper.servlet.JspServlet@http-nio-8080-exec-2] JspEngine --> /WEB-INF/views/fragments/welcome.jsp 
2022-06-03 02:13:15 DEBUG [org.apache.jasper.servlet.JspServlet@http-nio-8080-exec-2] ServletPath: /WEB-INF/views/master/page.jsp 
2022-06-03 02:13:15.001 DEBUG [org.apache.jasper.servlet.JspServlet@http-nio-8080-exec-2] PathInfo: null 
2022-06-03 02:13:15.005 DEBUG [org.apache.jasper.servlet.JspServlet@http-nio-8080-exec-2] RealPath: /home/luismi/Workspace-22.0/Projects/Control-Check/target/classes/WEB-INF/views/fragments/welcome.jsp 
2022-06-03 02:13:15.006 DEBUG [org.apache.jasper.servlet.JspServlet@http-nio-8080-exec-2] RequestURI: /acme-toolkit-22.1/WEB-INF/views/master/page.jsp 
2022-06-03 02:13:15.007 DEBUG [org.apache.jasper.servlet.JspServlet@http-nio-8080-exec-2] QueryString: null 
2022-06-03 02:13:15.387 DEBUG [org.hibernate.SQL@http-nio-8080-exec-2] select useraccoun0_.id as id1_0_, useraccoun0_.version as version2_0_, useraccoun0_.enabled as enabled1_18_, useraccoun0_.identity as identity2_18_, useraccoun0_.password as password3_18_, useraccoun0_.username as username4_18_ from user_account useraccoun0_ where useraccoun0_.username=? 
2022-06-03 02:13:15.447 TRACE [org.hibernate.type.descriptor.sql.BasicBinder@http-nio-8080-exec-2] binding parameter [1] as [VARCHAR] - [anonymous] 
2022-06-03 02:13:15.562 DEBUG [org.hibernate.SQL@http-nio-8080-exec-2] select roles0_.user_account_id as user_acc1_19_0_, roles0_.id as id1_19_0_, roles0_.id as id1_0_1_, roles0_.version as version2_0_1_, roles0_.user_account_id as user_acc1_19_1_, roles0_.company as company1_9_1_, roles0_.sector as sector2_9_1_, roles0_.company as company1_10_1_, roles0_.link as link2_10_1_, roles0_.statement as statemen3_10_1_, roles0_.company as company1_12_1_, roles0_.link as link2_12_1_, roles0_.statement as statemen3_12_1_, roles0_.company as company1_15_1_, roles0_.sector as sector2_15_1_, roles0_.clazz_ as clazz_1_ from ( select id, version, user_account_id, company, sector, null as link, null as statement, 11 as clazz_ from consumer union all select id, version, user_account_id, company, null as sector, link, statement, 12 as clazz_ from inventor union all select id, version, user_account_id, company, null as sector, link, statement, 13 as clazz_ from patron union all select id, version, user_account_id, company, sector, null as link, null as statement, 14 as clazz_ from provider union all select id, version, user_account_id, null as company, null as sector, null as link, null as statement, 16 as clazz_ from administrator union all select id, version, user_account_id, null as company, null as sector, null as link, null as statement, 17 as clazz_ from anonymous union all select id, version, user_account_id, null as company, null as sector, null as link, null as statement, 18 as clazz_ from any union all select id, version, user_account_id, null as company, null as sector, null as link, null as statement, 19 as clazz_ from authenticated ) roles0_ where roles0_.user_account_id=? 
2022-06-03 02:13:15.565 TRACE [org.hibernate.type.descriptor.sql.BasicBinder@http-nio-8080-exec-2] binding parameter [1] as [INTEGER] - [1] 
2022-06-03 02:13:19.944 DEBUG [acme.framework.components.tiles.DynamicTilesView@http-nio-8080-exec-1] View name 'master/sign-in', model {username=, password=, remember=false} 
2022-06-03 02:13:19.947 DEBUG [org.apache.jasper.servlet.JspServlet@http-nio-8080-exec-1] JspEngine --> /WEB-INF/views/master/page.jsp 
2022-06-03 02:13:19.948 DEBUG [org.apache.jasper.servlet.JspServlet@http-nio-8080-exec-1] ServletPath: /WEB-INF/views/master/page.jsp 
2022-06-03 02:13:19.948 DEBUG [org.apache.jasper.servlet.JspServlet@http-nio-8080-exec-1] PathInfo: null 
2022-06-03 02:13:19.949 DEBUG [org.apache.jasper.servlet.JspServlet@http-nio-8080-exec-1] RealPath: /home/luismi/Workspace-22.0/Projects/Control-Check/target/classes/WEB-INF/views/master/page.jsp 
2022-06-03 02:13:19.949 DEBUG [org.apache.jasper.servlet.JspServlet@http-nio-8080-exec-1] RequestURI: /acme-toolkit-22.1/WEB-INF/views/master/page.jsp 
2022-06-03 02:13:19.950 DEBUG [org.apache.jasper.servlet.JspServlet@http-nio-8080-exec-1] QueryString: null 
2022-06-03 02:13:20.214 DEBUG [org.apache.jasper.servlet.JspServlet@http-nio-8080-exec-1] JspEngine --> /WEB-INF/views/master/sign-in.jsp 
2022-06-03 02:13:20.216 DEBUG [org.apache.jasper.servlet.JspServlet@http-nio-8080-exec-1] ServletPath: /WEB-INF/views/master/page.jsp 
2022-06-03 02:13:20.218 DEBUG [org.apache.jasper.servlet.JspServlet@http-nio-8080-exec-1] PathInfo: null 
2022-06-03 02:13:20.222 DEBUG [org.apache.jasper.servlet.JspServlet@http-nio-8080-exec-1] RealPath: /home/luismi/Workspace-22.0/Projects/Control-Check/target/classes/WEB-INF/views/master/sign-in.jsp 
2022-06-03 02:13:20.223 DEBUG [org.apache.jasper.servlet.JspServlet@http-nio-8080-exec-1] RequestURI: /acme-toolkit-22.1/WEB-INF/views/master/page.jsp 
2022-06-03 02:13:20.224 DEBUG [org.apache.jasper.servlet.JspServlet@http-nio-8080-exec-1] QueryString: null 
2022-06-03 02:13:22.566 DEBUG [org.hibernate.SQL@http-nio-8080-exec-1] select useraccoun0_.id as id1_0_, useraccoun0_.version as version2_0_, useraccoun0_.enabled as enabled1_18_, useraccoun0_.identity as identity2_18_, useraccoun0_.password as password3_18_, useraccoun0_.username as username4_18_ from user_account useraccoun0_ where useraccoun0_.username=? 
2022-06-03 02:13:22.566 TRACE [org.hibernate.type.descriptor.sql.BasicBinder@http-nio-8080-exec-1] binding parameter [1] as [VARCHAR] - [anonymous] 
2022-06-03 02:13:22.570 DEBUG [org.hibernate.SQL@http-nio-8080-exec-1] select roles0_.user_account_id as user_acc1_19_0_, roles0_.id as id1_19_0_, roles0_.id as id1_0_1_, roles0_.version as version2_0_1_, roles0_.user_account_id as user_acc1_19_1_, roles0_.company as company1_9_1_, roles0_.sector as sector2_9_1_, roles0_.company as company1_10_1_, roles0_.link as link2_10_1_, roles0_.statement as statemen3_10_1_, roles0_.company as company1_12_1_, roles0_.link as link2_12_1_, roles0_.statement as statemen3_12_1_, roles0_.company as company1_15_1_, roles0_.sector as sector2_15_1_, roles0_.clazz_ as clazz_1_ from ( select id, version, user_account_id, company, sector, null as link, null as statement, 11 as clazz_ from consumer union all select id, version, user_account_id, company, null as sector, link, statement, 12 as clazz_ from inventor union all select id, version, user_account_id, company, null as sector, link, statement, 13 as clazz_ from patron union all select id, version, user_account_id, company, sector, null as link, null as statement, 14 as clazz_ from provider union all select id, version, user_account_id, null as company, null as sector, null as link, null as statement, 16 as clazz_ from administrator union all select id, version, user_account_id, null as company, null as sector, null as link, null as statement, 17 as clazz_ from anonymous union all select id, version, user_account_id, null as company, null as sector, null as link, null as statement, 18 as clazz_ from any union all select id, version, user_account_id, null as company, null as sector, null as link, null as statement, 19 as clazz_ from authenticated ) roles0_ where roles0_.user_account_id=? 
2022-06-03 02:13:22.571 TRACE [org.hibernate.type.descriptor.sql.BasicBinder@http-nio-8080-exec-1] binding parameter [1] as [INTEGER] - [1] 
2022-06-03 02:13:32.973 DEBUG [org.hibernate.SQL@http-nio-8080-exec-7] select useraccoun0_.id as id1_0_, useraccoun0_.version as version2_0_, useraccoun0_.enabled as enabled1_18_, useraccoun0_.identity as identity2_18_, useraccoun0_.password as password3_18_, useraccoun0_.username as username4_18_ from user_account useraccoun0_ where useraccoun0_.username=? 
2022-06-03 02:13:32.975 TRACE [org.hibernate.type.descriptor.sql.BasicBinder@http-nio-8080-exec-7] binding parameter [1] as [VARCHAR] - [administrator] 
2022-06-03 02:13:32.984 DEBUG [org.hibernate.SQL@http-nio-8080-exec-7] select roles0_.user_account_id as user_acc1_19_0_, roles0_.id as id1_19_0_, roles0_.id as id1_0_1_, roles0_.version as version2_0_1_, roles0_.user_account_id as user_acc1_19_1_, roles0_.company as company1_9_1_, roles0_.sector as sector2_9_1_, roles0_.company as company1_10_1_, roles0_.link as link2_10_1_, roles0_.statement as statemen3_10_1_, roles0_.company as company1_12_1_, roles0_.link as link2_12_1_, roles0_.statement as statemen3_12_1_, roles0_.company as company1_15_1_, roles0_.sector as sector2_15_1_, roles0_.clazz_ as clazz_1_ from ( select id, version, user_account_id, company, sector, null as link, null as statement, 11 as clazz_ from consumer union all select id, version, user_account_id, company, null as sector, link, statement, 12 as clazz_ from inventor union all select id, version, user_account_id, company, null as sector, link, statement, 13 as clazz_ from patron union all select id, version, user_account_id, company, sector, null as link, null as statement, 14 as clazz_ from provider union all select id, version, user_account_id, null as company, null as sector, null as link, null as statement, 16 as clazz_ from administrator union all select id, version, user_account_id, null as company, null as sector, null as link, null as statement, 17 as clazz_ from anonymous union all select id, version, user_account_id, null as company, null as sector, null as link, null as statement, 18 as clazz_ from any union all select id, version, user_account_id, null as company, null as sector, null as link, null as statement, 19 as clazz_ from authenticated ) roles0_ where roles0_.user_account_id=? 
2022-06-03 02:13:32.986 TRACE [org.hibernate.type.descriptor.sql.BasicBinder@http-nio-8080-exec-7] binding parameter [1] as [INTEGER] - [2] 
2022-06-03 02:13:33.029 DEBUG [acme.framework.components.tiles.DynamicTilesView@http-nio-8080-exec-1] View name 'fragments/welcome', model {} 
2022-06-03 02:13:33.030 DEBUG [org.apache.jasper.servlet.JspServlet@http-nio-8080-exec-1] JspEngine --> /WEB-INF/views/master/page.jsp 
2022-06-03 02:13:33.031 DEBUG [org.apache.jasper.servlet.JspServlet@http-nio-8080-exec-1] ServletPath: /WEB-INF/views/master/page.jsp 
2022-06-03 02:13:33.031 DEBUG [org.apache.jasper.servlet.JspServlet@http-nio-8080-exec-1] PathInfo: null 
2022-06-03 02:13:33.032 DEBUG [org.apache.jasper.servlet.JspServlet@http-nio-8080-exec-1] RealPath: /home/luismi/Workspace-22.0/Projects/Control-Check/target/classes/WEB-INF/views/master/page.jsp 
2022-06-03 02:13:33.032 DEBUG [org.apache.jasper.servlet.JspServlet@http-nio-8080-exec-1] RequestURI: /acme-toolkit-22.1/WEB-INF/views/master/page.jsp 
2022-06-03 02:13:33.032 DEBUG [org.apache.jasper.servlet.JspServlet@http-nio-8080-exec-1] QueryString: null 
2022-06-03 02:13:33.246 DEBUG [org.apache.jasper.servlet.JspServlet@http-nio-8080-exec-1] JspEngine --> /WEB-INF/views/fragments/welcome.jsp 
2022-06-03 02:13:33.246 DEBUG [org.apache.jasper.servlet.JspServlet@http-nio-8080-exec-1] ServletPath: /WEB-INF/views/master/page.jsp 
2022-06-03 02:13:33.247 DEBUG [org.apache.jasper.servlet.JspServlet@http-nio-8080-exec-1] PathInfo: null 
2022-06-03 02:13:33.248 DEBUG [org.apache.jasper.servlet.JspServlet@http-nio-8080-exec-1] RealPath: /home/luismi/Workspace-22.0/Projects/Control-Check/target/classes/WEB-INF/views/fragments/welcome.jsp 
2022-06-03 02:13:33.248 DEBUG [org.apache.jasper.servlet.JspServlet@http-nio-8080-exec-1] RequestURI: /acme-toolkit-22.1/WEB-INF/views/master/page.jsp 
2022-06-03 02:13:33.248 DEBUG [org.apache.jasper.servlet.JspServlet@http-nio-8080-exec-1] QueryString: null 
2022-06-03 02:13:35.979 DEBUG [acme.framework.controllers.AbstractController@http-nio-8080-exec-1] DISPATCHING GET /acme-toolkit-22.1/inventor/item/list-tool 
2022-06-03 02:13:35.980 DEBUG [acme.framework.controllers.AbstractController@http-nio-8080-exec-1] Command: list-tool 
2022-06-03 02:13:35.980 DEBUG [acme.framework.controllers.AbstractController@http-nio-8080-exec-1] Model:   {} 
2022-06-03 02:13:35.981 DEBUG [acme.framework.controllers.AbstractController@http-nio-8080-exec-1] Locale:  en 
2022-06-03 02:13:35.981 DEBUG [acme.framework.controllers.AbstractController@http-nio-8080-exec-1] Starting transaction bd756e9c-add3-45d4-bf37-570460c76618 
2022-06-03 02:13:35.990 DEBUG [org.hibernate.SQL@http-nio-8080-exec-1] select inventor0_.id as id1_0_, inventor0_.version as version2_0_, inventor0_.user_account_id as user_acc1_19_, inventor0_.company as company1_10_, inventor0_.link as link2_10_, inventor0_.statement as statemen3_10_ from inventor inventor0_ where inventor0_.user_account_id=? 
2022-06-03 02:13:35.991 TRACE [org.hibernate.type.descriptor.sql.BasicBinder@http-nio-8080-exec-1] binding parameter [1] as [INTEGER] - [2] 
2022-06-03 02:13:35.994 DEBUG [org.hibernate.SQL@http-nio-8080-exec-1] select useraccoun0_.id as id1_0_0_, useraccoun0_.version as version2_0_0_, useraccoun0_.enabled as enabled1_18_0_, useraccoun0_.identity as identity2_18_0_, useraccoun0_.password as password3_18_0_, useraccoun0_.username as username4_18_0_ from user_account useraccoun0_ where useraccoun0_.id=? 
2022-06-03 02:13:35.995 TRACE [org.hibernate.type.descriptor.sql.BasicBinder@http-nio-8080-exec-1] binding parameter [1] as [INTEGER] - [2] 
2022-06-03 02:13:36.032 DEBUG [org.hibernate.SQL@http-nio-8080-exec-1] select item0_.id as id1_0_, item0_.version as version2_0_, item0_.code as code1_11_, item0_.description as descript2_11_, item0_.inventor_id as invento10_11_, item0_.link as link3_11_, item0_.name as name4_11_, item0_.retail_price_amount as retail_p5_11_, item0_.retail_price_currency as retail_p6_11_, item0_.status as status7_11_, item0_.technology as technolo8_11_, item0_.type as type9_11_ from item item0_ where item0_.type=1 and item0_.inventor_id=? 
2022-06-03 02:13:36.033 TRACE [org.hibernate.type.descriptor.sql.BasicBinder@http-nio-8080-exec-1] binding parameter [1] as [INTEGER] - [8] 
2022-06-03 02:13:36.047 DEBUG [org.hibernate.SQL@http-nio-8080-exec-1] select configurat0_.default_curr as col_0_0_ from configuration configurat0_ 
2022-06-03 02:13:36.709 DEBUG [org.hibernate.SQL@http-nio-8080-exec-1] select configurat0_.default_curr as col_0_0_ from configuration configurat0_ 
2022-06-03 02:13:36.779 DEBUG [org.hibernate.SQL@http-nio-8080-exec-1] select configurat0_.default_curr as col_0_0_ from configuration configurat0_ 
2022-06-03 02:13:36.852 DEBUG [acme.framework.controllers.AbstractController@http-nio-8080-exec-1] Committing transaction bd756e9c-add3-45d4-bf37-570460c76618 
2022-06-03 02:13:36.855 DEBUG [acme.framework.controllers.AbstractController@http-nio-8080-exec-1] Starting transaction dd97d31c-e1f0-4d25-a26d-e3612e643a50 
2022-06-03 02:13:36.858 DEBUG [acme.framework.controllers.AbstractController@http-nio-8080-exec-1] Committing transaction dd97d31c-e1f0-4d25-a26d-e3612e643a50 
2022-06-03 02:13:36.862 DEBUG [acme.framework.controllers.AbstractController@http-nio-8080-exec-1] SERVING GET /acme-toolkit-22.1/inventor/item/list-tool 
2022-06-03 02:13:36.867 DEBUG [acme.framework.controllers.AbstractController@http-nio-8080-exec-1] Result: ModelAndView [view="inventor/item/list"; model={description[1]=Cliente de bases de datos, moneyExchange[2]=<<EUR 914.24>>, description[2]=IDE para la programacin del sistema, moneyExchange[1]=<<EUR 186.00>>, version[2]=0, moneyExchange[0]=<<EUR 100.00>>, description[0]=Herramienta de gestin de cdigo, version[1]=0, type[0]=TOOL, type[2]=TOOL, type[1]=TOOL, retailPrice[1]=<<EUR 186.00>>, retailPrice[2]=<<USD 980.00>>, list$size=3, retailPrice[0]=<<EUR 100.00>>, version[0]=0, name[2]=Eclipse, id[1]=13, id[0]=12, id[2]=15, name[1]=Dbeaver, name[0]=GitHub, command=list-tool, principal=acme.framework.entities.Principal@a0fa0ac}] 
2022-06-03 02:13:36.872 DEBUG [acme.framework.components.tiles.DynamicTilesView@http-nio-8080-exec-1] View name 'inventor/item/list', model {description[1]=Cliente de bases de datos, moneyExchange[2]=<<EUR 914.24>>, description[2]=IDE para la programacin del sistema, moneyExchange[1]=<<EUR 186.00>>, version[2]=0, moneyExchange[0]=<<EUR 100.00>>, description[0]=Herramienta de gestin de cdigo, version[1]=0, type[0]=TOOL, type[2]=TOOL, type[1]=TOOL, retailPrice[1]=<<EUR 186.00>>, retailPrice[2]=<<USD 980.00>>, list$size=3, retailPrice[0]=<<EUR 100.00>>, version[0]=0, name[2]=Eclipse, id[1]=13, id[0]=12, id[2]=15, name[1]=Dbeaver, name[0]=GitHub, command=list-tool, principal=acme.framework.entities.Principal@a0fa0ac, org.springframework.validation.BindingResult.moneyExchange[2]=org.springframework.validation.BeanPropertyBindingResult: 0 errors, org.springframework.validation.BindingResult.moneyExchange[1]=org.springframework.validation.BeanPropertyBindingResult: 0 errors, org.springframework.validation.BindingResult.moneyExchange[0]=org.springframework.validation.BeanPropertyBindingResult: 0 errors, org.springframework.validation.BindingResult.retailPrice[1]=org.springframework.validation.BeanPropertyBindingResult: 0 errors, org.springframework.validation.BindingResult.retailPrice[2]=org.springframework.validation.BeanPropertyBindingResult: 0 errors, org.springframework.validation.BindingResult.retailPrice[0]=org.springframework.validation.BeanPropertyBindingResult: 0 errors, org.springframework.validation.BindingResult.principal=org.springframework.validation.BeanPropertyBindingResult: 0 errors} 
2022-06-03 02:13:36.874 DEBUG [org.apache.jasper.servlet.JspServlet@http-nio-8080-exec-1] JspEngine --> /WEB-INF/views/master/page.jsp 
2022-06-03 02:13:36.874 DEBUG [org.apache.jasper.servlet.JspServlet@http-nio-8080-exec-1] ServletPath: /WEB-INF/views/master/page.jsp 
2022-06-03 02:13:36.875 DEBUG [org.apache.jasper.servlet.JspServlet@http-nio-8080-exec-1] PathInfo: null 
2022-06-03 02:13:36.875 DEBUG [org.apache.jasper.servlet.JspServlet@http-nio-8080-exec-1] RealPath: /home/luismi/Workspace-22.0/Projects/Control-Check/target/classes/WEB-INF/views/master/page.jsp 
2022-06-03 02:13:36.875 DEBUG [org.apache.jasper.servlet.JspServlet@http-nio-8080-exec-1] RequestURI: /acme-toolkit-22.1/WEB-INF/views/master/page.jsp 
2022-06-03 02:13:36.876 DEBUG [org.apache.jasper.servlet.JspServlet@http-nio-8080-exec-1] QueryString: null 
2022-06-03 02:13:37.101 DEBUG [org.apache.jasper.servlet.JspServlet@http-nio-8080-exec-1] JspEngine --> /WEB-INF/views/inventor/item/list.jsp 
2022-06-03 02:13:37.102 DEBUG [org.apache.jasper.servlet.JspServlet@http-nio-8080-exec-1] ServletPath: /WEB-INF/views/master/page.jsp 
2022-06-03 02:13:37.103 DEBUG [org.apache.jasper.servlet.JspServlet@http-nio-8080-exec-1] PathInfo: null 
2022-06-03 02:13:37.104 DEBUG [org.apache.jasper.servlet.JspServlet@http-nio-8080-exec-1] RealPath: /home/luismi/Workspace-22.0/Projects/Control-Check/target/classes/WEB-INF/views/inventor/item/list.jsp 
2022-06-03 02:13:37.105 DEBUG [org.apache.jasper.servlet.JspServlet@http-nio-8080-exec-1] RequestURI: /acme-toolkit-22.1/WEB-INF/views/master/page.jsp 
2022-06-03 02:13:37.106 DEBUG [org.apache.jasper.servlet.JspServlet@http-nio-8080-exec-1] QueryString: null 
2022-06-03 02:13:39.822 DEBUG [acme.framework.controllers.AbstractController@http-nio-8080-exec-1] DISPATCHING GET /acme-toolkit-22.1/inventor/item/show 
2022-06-03 02:13:39.822 DEBUG [acme.framework.controllers.AbstractController@http-nio-8080-exec-1] Command: show 
2022-06-03 02:13:39.822 DEBUG [acme.framework.controllers.AbstractController@http-nio-8080-exec-1] Model:   {id=13} 
2022-06-03 02:13:39.822 DEBUG [acme.framework.controllers.AbstractController@http-nio-8080-exec-1] Locale:  en 
2022-06-03 02:13:39.822 DEBUG [acme.framework.controllers.AbstractController@http-nio-8080-exec-1] Starting transaction 2ad044eb-90a4-450a-85df-ed829725665e 
2022-06-03 02:13:39.826 DEBUG [org.hibernate.SQL@http-nio-8080-exec-1] select item0_.id as id1_0_, item0_.version as version2_0_, item0_.code as code1_11_, item0_.description as descript2_11_, item0_.inventor_id as invento10_11_, item0_.link as link3_11_, item0_.name as name4_11_, item0_.retail_price_amount as retail_p5_11_, item0_.retail_price_currency as retail_p6_11_, item0_.status as status7_11_, item0_.technology as technolo8_11_, item0_.type as type9_11_ from item item0_ where item0_.id=? 
2022-06-03 02:13:39.827 TRACE [org.hibernate.type.descriptor.sql.BasicBinder@http-nio-8080-exec-1] binding parameter [1] as [INTEGER] - [13] 
2022-06-03 02:13:39.829 DEBUG [org.hibernate.SQL@http-nio-8080-exec-1] select inventor0_.id as id1_0_0_, inventor0_.version as version2_0_0_, inventor0_.user_account_id as user_acc1_19_0_, inventor0_.company as company1_10_0_, inventor0_.link as link2_10_0_, inventor0_.statement as statemen3_10_0_, useraccoun1_.id as id1_0_1_, useraccoun1_.version as version2_0_1_, useraccoun1_.enabled as enabled1_18_1_, useraccoun1_.identity as identity2_18_1_, useraccoun1_.password as password3_18_1_, useraccoun1_.username as username4_18_1_ from inventor inventor0_ inner join user_account useraccoun1_ on inventor0_.user_account_id=useraccoun1_.id where inventor0_.id=? 
2022-06-03 02:13:39.830 TRACE [org.hibernate.type.descriptor.sql.BasicBinder@http-nio-8080-exec-1] binding parameter [1] as [INTEGER] - [8] 
2022-06-03 02:13:39.836 DEBUG [org.hibernate.SQL@http-nio-8080-exec-1] select item0_.id as id1_0_, item0_.version as version2_0_, item0_.code as code1_11_, item0_.description as descript2_11_, item0_.inventor_id as invento10_11_, item0_.link as link3_11_, item0_.name as name4_11_, item0_.retail_price_amount as retail_p5_11_, item0_.retail_price_currency as retail_p6_11_, item0_.status as status7_11_, item0_.technology as technolo8_11_, item0_.type as type9_11_ from item item0_ where item0_.id=? 
2022-06-03 02:13:39.837 TRACE [org.hibernate.type.descriptor.sql.BasicBinder@http-nio-8080-exec-1] binding parameter [1] as [INTEGER] - [13] 
2022-06-03 02:13:39.838 DEBUG [org.hibernate.SQL@http-nio-8080-exec-1] select configurat0_.default_curr as col_0_0_ from configuration configurat0_ 
2022-06-03 02:13:39.904 DEBUG [acme.framework.controllers.AbstractController@http-nio-8080-exec-1] Committing transaction 2ad044eb-90a4-450a-85df-ed829725665e 
2022-06-03 02:13:39.906 DEBUG [acme.framework.controllers.AbstractController@http-nio-8080-exec-1] Starting transaction 7cbb9102-caab-42f7-836a-6fa79afe00f8 
2022-06-03 02:13:39.908 DEBUG [acme.framework.controllers.AbstractController@http-nio-8080-exec-1] Committing transaction 7cbb9102-caab-42f7-836a-6fa79afe00f8 
2022-06-03 02:13:39.909 DEBUG [acme.framework.controllers.AbstractController@http-nio-8080-exec-1] SERVING GET /acme-toolkit-22.1/inventor/item/show 
2022-06-03 02:13:39.910 DEBUG [acme.framework.controllers.AbstractController@http-nio-8080-exec-1] Result: ModelAndView [view="inventor/item/form"; model={code=ABC-125-D, moneyExchange=<<EUR 186.00>>, name=Dbeaver, link=https://google.com, description=Cliente de bases de datos, technology=Software, id=13, type=TOOL, retailPrice=<<EUR 186.00>>, version=0, status=NON_PUBLISHED, command=show, principal=acme.framework.entities.Principal@a0fa0ac}] 
2022-06-03 02:13:39.920 DEBUG [acme.framework.components.tiles.DynamicTilesView@http-nio-8080-exec-1] View name 'inventor/item/form', model {code=ABC-125-D, moneyExchange=<<EUR 186.00>>, name=Dbeaver, link=https://google.com, description=Cliente de bases de datos, technology=Software, id=13, type=TOOL, retailPrice=<<EUR 186.00>>, version=0, status=NON_PUBLISHED, command=show, principal=acme.framework.entities.Principal@a0fa0ac, org.springframework.validation.BindingResult.moneyExchange=org.springframework.validation.BeanPropertyBindingResult: 0 errors, org.springframework.validation.BindingResult.retailPrice=org.springframework.validation.BeanPropertyBindingResult: 0 errors, org.springframework.validation.BindingResult.principal=org.springframework.validation.BeanPropertyBindingResult: 0 errors} 
2022-06-03 02:13:39.922 DEBUG [org.apache.jasper.servlet.JspServlet@http-nio-8080-exec-1] JspEngine --> /WEB-INF/views/master/page.jsp 
2022-06-03 02:13:39.924 DEBUG [org.apache.jasper.servlet.JspServlet@http-nio-8080-exec-1] ServletPath: /WEB-INF/views/master/page.jsp 
2022-06-03 02:13:39.926 DEBUG [org.apache.jasper.servlet.JspServlet@http-nio-8080-exec-1] PathInfo: null 
2022-06-03 02:13:39.927 DEBUG [org.apache.jasper.servlet.JspServlet@http-nio-8080-exec-1] RealPath: /home/luismi/Workspace-22.0/Projects/Control-Check/target/classes/WEB-INF/views/master/page.jsp 
2022-06-03 02:13:39.944 DEBUG [org.apache.jasper.servlet.JspServlet@http-nio-8080-exec-1] RequestURI: /acme-toolkit-22.1/WEB-INF/views/master/page.jsp 
2022-06-03 02:13:39.945 DEBUG [org.apache.jasper.servlet.JspServlet@http-nio-8080-exec-1] QueryString: id=13 
2022-06-03 02:13:40.230 DEBUG [org.apache.jasper.servlet.JspServlet@http-nio-8080-exec-1] JspEngine --> /WEB-INF/views/inventor/item/form.jsp 
2022-06-03 02:13:40.231 DEBUG [org.apache.jasper.servlet.JspServlet@http-nio-8080-exec-1] ServletPath: /WEB-INF/views/master/page.jsp 
2022-06-03 02:13:40.231 DEBUG [org.apache.jasper.servlet.JspServlet@http-nio-8080-exec-1] PathInfo: null 
2022-06-03 02:13:40.231 DEBUG [org.apache.jasper.servlet.JspServlet@http-nio-8080-exec-1] RealPath: /home/luismi/Workspace-22.0/Projects/Control-Check/target/classes/WEB-INF/views/inventor/item/form.jsp 
2022-06-03 02:13:40.232 DEBUG [org.apache.jasper.servlet.JspServlet@http-nio-8080-exec-1] RequestURI: /acme-toolkit-22.1/WEB-INF/views/master/page.jsp 
2022-06-03 02:13:40.232 DEBUG [org.apache.jasper.servlet.JspServlet@http-nio-8080-exec-1] QueryString: id=13 
2022-06-03 02:13:43.486 DEBUG [acme.framework.controllers.AbstractController@http-nio-8080-exec-10] DISPATCHING POST /acme-toolkit-22.1/inventor/item/delete 
2022-06-03 02:13:43.486 DEBUG [acme.framework.controllers.AbstractController@http-nio-8080-exec-10] Command: delete 
2022-06-03 02:13:43.486 DEBUG [acme.framework.controllers.AbstractController@http-nio-8080-exec-10] Model:   {id=13, version=0, _csrf=72181be1-9ce4-4000-b995-104566cc36d0, name=Dbeaver, code=ABC-125-D, technology=Software, description=Cliente de bases de datos, retailPrice=EUR 186.00, moneyExchange=EUR 186.00, link=https://google.com, status=NON_PUBLISHED, type=TOOL} 
2022-06-03 02:13:43.486 DEBUG [acme.framework.controllers.AbstractController@http-nio-8080-exec-10] Locale:  en 
2022-06-03 02:13:43.487 DEBUG [acme.framework.controllers.AbstractController@http-nio-8080-exec-10] Starting transaction 290d0f6c-d68a-4b80-aab6-76212e6f17a4 
2022-06-03 02:13:43.490 DEBUG [org.hibernate.SQL@http-nio-8080-exec-10] select item0_.id as id1_0_, item0_.version as version2_0_, item0_.code as code1_11_, item0_.description as descript2_11_, item0_.inventor_id as invento10_11_, item0_.link as link3_11_, item0_.name as name4_11_, item0_.retail_price_amount as retail_p5_11_, item0_.retail_price_currency as retail_p6_11_, item0_.status as status7_11_, item0_.technology as technolo8_11_, item0_.type as type9_11_ from item item0_ where item0_.id=? 
2022-06-03 02:13:43.490 TRACE [org.hibernate.type.descriptor.sql.BasicBinder@http-nio-8080-exec-10] binding parameter [1] as [INTEGER] - [13] 
2022-06-03 02:13:43.491 DEBUG [org.hibernate.SQL@http-nio-8080-exec-10] select inventor0_.id as id1_0_0_, inventor0_.version as version2_0_0_, inventor0_.user_account_id as user_acc1_19_0_, inventor0_.company as company1_10_0_, inventor0_.link as link2_10_0_, inventor0_.statement as statemen3_10_0_, useraccoun1_.id as id1_0_1_, useraccoun1_.version as version2_0_1_, useraccoun1_.enabled as enabled1_18_1_, useraccoun1_.identity as identity2_18_1_, useraccoun1_.password as password3_18_1_, useraccoun1_.username as username4_18_1_ from inventor inventor0_ inner join user_account useraccoun1_ on inventor0_.user_account_id=useraccoun1_.id where inventor0_.id=? 
2022-06-03 02:13:43.492 TRACE [org.hibernate.type.descriptor.sql.BasicBinder@http-nio-8080-exec-10] binding parameter [1] as [INTEGER] - [8] 
2022-06-03 02:13:43.497 DEBUG [org.hibernate.SQL@http-nio-8080-exec-10] select item0_.id as id1_0_, item0_.version as version2_0_, item0_.code as code1_11_, item0_.description as descript2_11_, item0_.inventor_id as invento10_11_, item0_.link as link3_11_, item0_.name as name4_11_, item0_.retail_price_amount as retail_p5_11_, item0_.retail_price_currency as retail_p6_11_, item0_.status as status7_11_, item0_.technology as technolo8_11_, item0_.type as type9_11_ from item item0_ where item0_.id=? 
2022-06-03 02:13:43.497 TRACE [org.hibernate.type.descriptor.sql.BasicBinder@http-nio-8080-exec-10] binding parameter [1] as [INTEGER] - [13] 
2022-06-03 02:13:43.499 DEBUG [org.hibernate.SQL@http-nio-8080-exec-10] select chimpum0_.id as id1_0_, chimpum0_.version as version2_0_, chimpum0_.artefact_id as artefac10_6_, chimpum0_.budget_amount as budget_a1_6_, chimpum0_.budget_currency as budget_c2_6_, chimpum0_.code as code3_6_, chimpum0_.creation_moment as creation4_6_, chimpum0_.description as descript5_6_, chimpum0_.finish_date as finish_d6_6_, chimpum0_.link as link7_6_, chimpum0_.start_date as start_da8_6_, chimpum0_.title as title9_6_ from chimpum chimpum0_ where chimpum0_.artefact_id=? 
2022-06-03 02:13:43.499 TRACE [org.hibernate.type.descriptor.sql.BasicBinder@http-nio-8080-exec-10] binding parameter [1] as [INTEGER] - [13] 
2022-06-03 02:13:43.504 DEBUG [org.hibernate.SQL@http-nio-8080-exec-10] select item0_.id as id1_0_0_, item0_.version as version2_0_0_, item0_.code as code1_11_0_, item0_.description as descript2_11_0_, item0_.inventor_id as invento10_11_0_, item0_.link as link3_11_0_, item0_.name as name4_11_0_, item0_.retail_price_amount as retail_p5_11_0_, item0_.retail_price_currency as retail_p6_11_0_, item0_.status as status7_11_0_, item0_.technology as technolo8_11_0_, item0_.type as type9_11_0_, inventor1_.id as id1_0_1_, inventor1_.version as version2_0_1_, inventor1_.user_account_id as user_acc1_19_1_, inventor1_.company as company1_10_1_, inventor1_.link as link2_10_1_, inventor1_.statement as statemen3_10_1_, useraccoun2_.id as id1_0_2_, useraccoun2_.version as version2_0_2_, useraccoun2_.enabled as enabled1_18_2_, useraccoun2_.identity as identity2_18_2_, useraccoun2_.password as password3_18_2_, useraccoun2_.username as username4_18_2_ from item item0_ left outer join inventor inventor1_ on item0_.inventor_id=inventor1_.id left outer join user_account useraccoun2_ on inventor1_.user_account_id=useraccoun2_.id where item0_.id=? 
2022-06-03 02:13:43.505 TRACE [org.hibernate.type.descriptor.sql.BasicBinder@http-nio-8080-exec-10] binding parameter [1] as [INTEGER] - [13] 
2022-06-03 02:13:43.560 DEBUG [acme.framework.controllers.AbstractController@http-nio-8080-exec-10] Committing transaction 290d0f6c-d68a-4b80-aab6-76212e6f17a4 
2022-06-03 02:13:43.583 DEBUG [org.hibernate.SQL@http-nio-8080-exec-10] delete from chimpum where id=? and version=? 
2022-06-03 02:13:43.584 TRACE [org.hibernate.type.descriptor.sql.BasicBinder@http-nio-8080-exec-10] binding parameter [1] as [INTEGER] - [53] 
2022-06-03 02:13:43.584 TRACE [org.hibernate.type.descriptor.sql.BasicBinder@http-nio-8080-exec-10] binding parameter [2] as [INTEGER] - [0] 
2022-06-03 02:13:43.586 DEBUG [org.hibernate.SQL@http-nio-8080-exec-10] delete from item where id=? and version=? 
2022-06-03 02:13:43.586 TRACE [org.hibernate.type.descriptor.sql.BasicBinder@http-nio-8080-exec-10] binding parameter [1] as [INTEGER] - [13] 
2022-06-03 02:13:43.586 TRACE [org.hibernate.type.descriptor.sql.BasicBinder@http-nio-8080-exec-10] binding parameter [2] as [INTEGER] - [0] 
2022-06-03 02:13:43.593 DEBUG [acme.framework.controllers.AbstractController@http-nio-8080-exec-10] Starting transaction f7c94988-b568-4d4b-a6c3-bfb71024bd36 
2022-06-03 02:13:43.594 DEBUG [acme.framework.controllers.AbstractController@http-nio-8080-exec-10] Committing transaction f7c94988-b568-4d4b-a6c3-bfb71024bd36 
2022-06-03 02:13:43.595 DEBUG [acme.framework.controllers.AbstractController@http-nio-8080-exec-10] SERVING POST /acme-toolkit-22.1/inventor/item/delete 
2022-06-03 02:13:43.595 DEBUG [acme.framework.controllers.AbstractController@http-nio-8080-exec-10] Result: ModelAndView [view="redirect:/master/referrer"; model={command=delete, principal=acme.framework.entities.Principal@a0fa0ac}] 
2022-06-03 02:13:43.603 DEBUG [acme.framework.components.tiles.DynamicTilesView@http-nio-8080-exec-1] View name 'master/referrer', model {} 
2022-06-03 02:13:43.604 DEBUG [org.apache.jasper.servlet.JspServlet@http-nio-8080-exec-1] JspEngine --> /WEB-INF/views/master/page.jsp 
2022-06-03 02:13:43.604 DEBUG [org.apache.jasper.servlet.JspServlet@http-nio-8080-exec-1] ServletPath: /WEB-INF/views/master/page.jsp 
2022-06-03 02:13:43.605 DEBUG [org.apache.jasper.servlet.JspServlet@http-nio-8080-exec-1] PathInfo: null 
2022-06-03 02:13:43.605 DEBUG [org.apache.jasper.servlet.JspServlet@http-nio-8080-exec-1] RealPath: /home/luismi/Workspace-22.0/Projects/Control-Check/target/classes/WEB-INF/views/master/page.jsp 
2022-06-03 02:13:43.606 DEBUG [org.apache.jasper.servlet.JspServlet@http-nio-8080-exec-1] RequestURI: /acme-toolkit-22.1/WEB-INF/views/master/page.jsp 
2022-06-03 02:13:43.606 DEBUG [org.apache.jasper.servlet.JspServlet@http-nio-8080-exec-1] QueryString: command=delete 
2022-06-03 02:13:43.812 DEBUG [org.apache.jasper.servlet.JspServlet@http-nio-8080-exec-1] JspEngine --> /WEB-INF/views/master/referrer.jsp 
2022-06-03 02:13:43.813 DEBUG [org.apache.jasper.servlet.JspServlet@http-nio-8080-exec-1] ServletPath: /WEB-INF/views/master/page.jsp 
2022-06-03 02:13:43.813 DEBUG [org.apache.jasper.servlet.JspServlet@http-nio-8080-exec-1] PathInfo: null 
2022-06-03 02:13:43.814 DEBUG [org.apache.jasper.servlet.JspServlet@http-nio-8080-exec-1] RealPath: /home/luismi/Workspace-22.0/Projects/Control-Check/target/classes/WEB-INF/views/master/referrer.jsp 
2022-06-03 02:13:43.815 DEBUG [org.apache.jasper.servlet.JspServlet@http-nio-8080-exec-1] RequestURI: /acme-toolkit-22.1/WEB-INF/views/master/page.jsp 
2022-06-03 02:13:43.816 DEBUG [org.apache.jasper.servlet.JspServlet@http-nio-8080-exec-1] QueryString: command=delete 
2022-06-03 02:13:44.259 DEBUG [acme.framework.controllers.AbstractController@http-nio-8080-exec-7] DISPATCHING GET /acme-toolkit-22.1/inventor/item/list-tool 
2022-06-03 02:13:44.259 DEBUG [acme.framework.controllers.AbstractController@http-nio-8080-exec-7] Command: list-tool 
2022-06-03 02:13:44.259 DEBUG [acme.framework.controllers.AbstractController@http-nio-8080-exec-7] Model:   {} 
2022-06-03 02:13:44.259 DEBUG [acme.framework.controllers.AbstractController@http-nio-8080-exec-7] Locale:  en 
2022-06-03 02:13:44.259 DEBUG [acme.framework.controllers.AbstractController@http-nio-8080-exec-7] Starting transaction 46529f53-a87c-4668-a69c-e05f23a28e58 
2022-06-03 02:13:44.260 DEBUG [org.hibernate.SQL@http-nio-8080-exec-7] select inventor0_.id as id1_0_, inventor0_.version as version2_0_, inventor0_.user_account_id as user_acc1_19_, inventor0_.company as company1_10_, inventor0_.link as link2_10_, inventor0_.statement as statemen3_10_ from inventor inventor0_ where inventor0_.user_account_id=? 
2022-06-03 02:13:44.261 TRACE [org.hibernate.type.descriptor.sql.BasicBinder@http-nio-8080-exec-7] binding parameter [1] as [INTEGER] - [2] 
2022-06-03 02:13:44.264 DEBUG [org.hibernate.SQL@http-nio-8080-exec-7] select useraccoun0_.id as id1_0_0_, useraccoun0_.version as version2_0_0_, useraccoun0_.enabled as enabled1_18_0_, useraccoun0_.identity as identity2_18_0_, useraccoun0_.password as password3_18_0_, useraccoun0_.username as username4_18_0_ from user_account useraccoun0_ where useraccoun0_.id=? 
2022-06-03 02:13:44.266 TRACE [org.hibernate.type.descriptor.sql.BasicBinder@http-nio-8080-exec-7] binding parameter [1] as [INTEGER] - [2] 
2022-06-03 02:13:44.279 DEBUG [org.hibernate.SQL@http-nio-8080-exec-7] select item0_.id as id1_0_, item0_.version as version2_0_, item0_.code as code1_11_, item0_.description as descript2_11_, item0_.inventor_id as invento10_11_, item0_.link as link3_11_, item0_.name as name4_11_, item0_.retail_price_amount as retail_p5_11_, item0_.retail_price_currency as retail_p6_11_, item0_.status as status7_11_, item0_.technology as technolo8_11_, item0_.type as type9_11_ from item item0_ where item0_.type=1 and item0_.inventor_id=? 
2022-06-03 02:13:44.281 TRACE [org.hibernate.type.descriptor.sql.BasicBinder@http-nio-8080-exec-7] binding parameter [1] as [INTEGER] - [8] 
2022-06-03 02:13:44.289 DEBUG [org.hibernate.SQL@http-nio-8080-exec-7] select configurat0_.default_curr as col_0_0_ from configuration configurat0_ 
2022-06-03 02:13:44.360 DEBUG [org.hibernate.SQL@http-nio-8080-exec-7] select configurat0_.default_curr as col_0_0_ from configuration configurat0_ 
2022-06-03 02:13:44.430 DEBUG [acme.framework.controllers.AbstractController@http-nio-8080-exec-7] Committing transaction 46529f53-a87c-4668-a69c-e05f23a28e58 
2022-06-03 02:13:44.433 DEBUG [acme.framework.controllers.AbstractController@http-nio-8080-exec-7] Starting transaction 20d7ea97-0ac6-4355-adb4-40fb5556dca1 
2022-06-03 02:13:44.434 DEBUG [acme.framework.controllers.AbstractController@http-nio-8080-exec-7] Committing transaction 20d7ea97-0ac6-4355-adb4-40fb5556dca1 
2022-06-03 02:13:44.436 DEBUG [acme.framework.controllers.AbstractController@http-nio-8080-exec-7] SERVING GET /acme-toolkit-22.1/inventor/item/list-tool 
2022-06-03 02:13:44.436 DEBUG [acme.framework.controllers.AbstractController@http-nio-8080-exec-7] Result: ModelAndView [view="inventor/item/list"; model={description[1]=IDE para la programacin del sistema, moneyExchange[1]=<<EUR 914.24>>, moneyExchange[0]=<<EUR 100.00>>, description[0]=Herramienta de gestin de cdigo, version[1]=0, type[0]=TOOL, type[1]=TOOL, retailPrice[1]=<<USD 980.00>>, list$size=2, retailPrice[0]=<<EUR 100.00>>, version[0]=0, id[1]=15, id[0]=12, name[1]=Eclipse, name[0]=GitHub, command=list-tool, principal=acme.framework.entities.Principal@a0fa0ac}] 
2022-06-03 02:13:44.438 DEBUG [acme.framework.components.tiles.DynamicTilesView@http-nio-8080-exec-7] View name 'inventor/item/list', model {description[1]=IDE para la programacin del sistema, moneyExchange[1]=<<EUR 914.24>>, moneyExchange[0]=<<EUR 100.00>>, description[0]=Herramienta de gestin de cdigo, version[1]=0, type[0]=TOOL, type[1]=TOOL, retailPrice[1]=<<USD 980.00>>, list$size=2, retailPrice[0]=<<EUR 100.00>>, version[0]=0, id[1]=15, id[0]=12, name[1]=Eclipse, name[0]=GitHub, command=list-tool, principal=acme.framework.entities.Principal@a0fa0ac, org.springframework.validation.BindingResult.moneyExchange[1]=org.springframework.validation.BeanPropertyBindingResult: 0 errors, org.springframework.validation.BindingResult.moneyExchange[0]=org.springframework.validation.BeanPropertyBindingResult: 0 errors, org.springframework.validation.BindingResult.retailPrice[1]=org.springframework.validation.BeanPropertyBindingResult: 0 errors, org.springframework.validation.BindingResult.retailPrice[0]=org.springframework.validation.BeanPropertyBindingResult: 0 errors, org.springframework.validation.BindingResult.principal=org.springframework.validation.BeanPropertyBindingResult: 0 errors} 
2022-06-03 02:13:44.440 DEBUG [org.apache.jasper.servlet.JspServlet@http-nio-8080-exec-7] JspEngine --> /WEB-INF/views/master/page.jsp 
2022-06-03 02:13:44.441 DEBUG [org.apache.jasper.servlet.JspServlet@http-nio-8080-exec-7] ServletPath: /WEB-INF/views/master/page.jsp 
2022-06-03 02:13:44.443 DEBUG [org.apache.jasper.servlet.JspServlet@http-nio-8080-exec-7] PathInfo: null 
2022-06-03 02:13:44.445 DEBUG [org.apache.jasper.servlet.JspServlet@http-nio-8080-exec-7] RealPath: /home/luismi/Workspace-22.0/Projects/Control-Check/target/classes/WEB-INF/views/master/page.jsp 
2022-06-03 02:13:44.446 DEBUG [org.apache.jasper.servlet.JspServlet@http-nio-8080-exec-7] RequestURI: /acme-toolkit-22.1/WEB-INF/views/master/page.jsp 
2022-06-03 02:13:44.447 DEBUG [org.apache.jasper.servlet.JspServlet@http-nio-8080-exec-7] QueryString: null 
2022-06-03 02:13:44.629 DEBUG [org.apache.jasper.servlet.JspServlet@http-nio-8080-exec-7] JspEngine --> /WEB-INF/views/inventor/item/list.jsp 
2022-06-03 02:13:44.630 DEBUG [org.apache.jasper.servlet.JspServlet@http-nio-8080-exec-7] ServletPath: /WEB-INF/views/master/page.jsp 
2022-06-03 02:13:44.630 DEBUG [org.apache.jasper.servlet.JspServlet@http-nio-8080-exec-7] PathInfo: null 
2022-06-03 02:13:44.631 DEBUG [org.apache.jasper.servlet.JspServlet@http-nio-8080-exec-7] RealPath: /home/luismi/Workspace-22.0/Projects/Control-Check/target/classes/WEB-INF/views/inventor/item/list.jsp 
2022-06-03 02:13:44.631 DEBUG [org.apache.jasper.servlet.JspServlet@http-nio-8080-exec-7] RequestURI: /acme-toolkit-22.1/WEB-INF/views/master/page.jsp 
2022-06-03 02:13:44.631 DEBUG [org.apache.jasper.servlet.JspServlet@http-nio-8080-exec-7] QueryString: null 
2022-06-03 02:14:04.473 INFO  [acme.framework.configuration.ShutdownConfiguration@SpringContextShutdownHook] The system is shutting down... 
